ERROR - 2024-05-28 04:03:55 --> mysqli_sql_exception: Table 'toko_api.produk' doesn't exist in C:\xampp\htdocs\ci4-api-flutter\system\Database\MySQLi\Connection.php:308
Stack trace:
#0 C:\xampp\htdocs\ci4-api-flutter\system\Database\MySQLi\Connection.php(308): mysqli->query()
#1 C:\xampp\htdocs\ci4-api-flutter\system\Database\BaseConnection.php(722): CodeIgniter\Database\MySQLi\Connection->execute()
#2 C:\xampp\htdocs\ci4-api-flutter\system\Database\BaseConnection.php(636): CodeIgniter\Database\BaseConnection->simpleQuery()
#3 C:\xampp\htdocs\ci4-api-flutter\system\Database\BaseBuilder.php(1629): CodeIgniter\Database\BaseConnection->query()
#4 C:\xampp\htdocs\ci4-api-flutter\system\Model.php(275): CodeIgniter\Database\BaseBuilder->get()
#5 C:\xampp\htdocs\ci4-api-flutter\system\BaseModel.php(676): CodeIgniter\Model->doFindAll()
#6 C:\xampp\htdocs\ci4-api-flutter\app\Controllers\ProdukController.php(26): CodeIgniter\BaseModel->findAll()
#7 C:\xampp\htdocs\ci4-api-flutter\system\CodeIgniter.php(933): App\Controllers\ProdukController->list()
#8 C:\xampp\htdocs\ci4-api-flutter\system\CodeIgniter.php(509): CodeIgniter\CodeIgniter->runController()
#9 C:\xampp\htdocs\ci4-api-flutter\system\CodeIgniter.php(355): CodeIgniter\CodeIgniter->handleRequest()
#10 C:\xampp\htdocs\ci4-api-flutter\system\Boot.php(312): CodeIgniter\CodeIgniter->run()
#11 C:\xampp\htdocs\ci4-api-flutter\system\Boot.php(67): CodeIgniter\Boot::runCodeIgniter()
#12 C:\xampp\htdocs\ci4-api-flutter\public\index.php(66): CodeIgniter\Boot::bootWeb()
#13 C:\xampp\htdocs\ci4-api-flutter\system\Commands\Server\rewrite.php(49): require_once('...')
#14 {main}
CRITICAL - 2024-05-28 04:03:55 --> CodeIgniter\Database\Exceptions\DatabaseException: Table 'toko_api.produk' doesn't exist
[Method: GET, Route: produk]
in SYSTEMPATH\Database\BaseConnection.php on line 676.
 1 SYSTEMPATH\Database\BaseBuilder.php(1629): CodeIgniter\Database\BaseConnection->query()
 2 SYSTEMPATH\Model.php(275): CodeIgniter\Database\BaseBuilder->get()
 3 SYSTEMPATH\BaseModel.php(676): CodeIgniter\Model->doFindAll()
 4 APPPATH\Controllers\ProdukController.php(26): CodeIgniter\BaseModel->findAll()
 5 SYSTEMPATH\CodeIgniter.php(933): App\Controllers\ProdukController->list()
 6 SYSTEMPATH\CodeIgniter.php(509): CodeIgniter\CodeIgniter->runController()
 7 SYSTEMPATH\CodeIgniter.php(355): CodeIgniter\CodeIgniter->handleRequest()
 8 SYSTEMPATH\Boot.php(312): CodeIgniter\CodeIgniter->run()
 9 SYSTEMPATH\Boot.php(67): CodeIgniter\Boot::runCodeIgniter()
10 FCPATH\index.php(66): CodeIgniter\Boot::bootWeb()
11 SYSTEMPATH\Commands\Server\rewrite.php(49): require_once('C:\\xampp\\htdocs\\ci4-api-flutter\\public\\index.php')
CRITICAL - 2024-05-28 04:03:55 --> [Caused by] CodeIgniter\Database\Exceptions\DatabaseException: Table 'toko_api.produk' doesn't exist
in SYSTEMPATH\Database\MySQLi\Connection.php on line 313.
 1 SYSTEMPATH\Database\BaseConnection.php(722): CodeIgniter\Database\MySQLi\Connection->execute()
 2 SYSTEMPATH\Database\BaseConnection.php(636): CodeIgniter\Database\BaseConnection->simpleQuery()
 3 SYSTEMPATH\Database\BaseBuilder.php(1629): CodeIgniter\Database\BaseConnection->query()
 4 SYSTEMPATH\Model.php(275): CodeIgniter\Database\BaseBuilder->get()
 5 SYSTEMPATH\BaseModel.php(676): CodeIgniter\Model->doFindAll()
 6 APPPATH\Controllers\ProdukController.php(26): CodeIgniter\BaseModel->findAll()
 7 SYSTEMPATH\CodeIgniter.php(933): App\Controllers\ProdukController->list()
 8 SYSTEMPATH\CodeIgniter.php(509): CodeIgniter\CodeIgniter->runController()
 9 SYSTEMPATH\CodeIgniter.php(355): CodeIgniter\CodeIgniter->handleRequest()
10 SYSTEMPATH\Boot.php(312): CodeIgniter\CodeIgniter->run()
11 SYSTEMPATH\Boot.php(67): CodeIgniter\Boot::runCodeIgniter()
12 FCPATH\index.php(66): CodeIgniter\Boot::bootWeb()
13 SYSTEMPATH\Commands\Server\rewrite.php(49): require_once('C:\\xampp\\htdocs\\ci4-api-flutter\\public\\index.php')
CRITICAL - 2024-05-28 04:03:55 --> [Caused by] mysqli_sql_exception: Table 'toko_api.produk' doesn't exist
in SYSTEMPATH\Database\MySQLi\Connection.php on line 308.
 1 SYSTEMPATH\Database\MySQLi\Connection.php(308): mysqli->query()
 2 SYSTEMPATH\Database\BaseConnection.php(722): CodeIgniter\Database\MySQLi\Connection->execute()
 3 SYSTEMPATH\Database\BaseConnection.php(636): CodeIgniter\Database\BaseConnection->simpleQuery()
 4 SYSTEMPATH\Database\BaseBuilder.php(1629): CodeIgniter\Database\BaseConnection->query()
 5 SYSTEMPATH\Model.php(275): CodeIgniter\Database\BaseBuilder->get()
 6 SYSTEMPATH\BaseModel.php(676): CodeIgniter\Model->doFindAll()
 7 APPPATH\Controllers\ProdukController.php(26): CodeIgniter\BaseModel->findAll()
 8 SYSTEMPATH\CodeIgniter.php(933): App\Controllers\ProdukController->list()
 9 SYSTEMPATH\CodeIgniter.php(509): CodeIgniter\CodeIgniter->runController()
10 SYSTEMPATH\CodeIgniter.php(355): CodeIgniter\CodeIgniter->handleRequest()
11 SYSTEMPATH\Boot.php(312): CodeIgniter\CodeIgniter->run()
12 SYSTEMPATH\Boot.php(67): CodeIgniter\Boot::runCodeIgniter()
13 FCPATH\index.php(66): CodeIgniter\Boot::bootWeb()
14 SYSTEMPATH\Commands\Server\rewrite.php(49): require_once('C:\\xampp\\htdocs\\ci4-api-flutter\\public\\index.php')
ERROR - 2024-05-28 04:04:18 --> mysqli_sql_exception: Table 'toko_api.produk' doesn't exist in C:\xampp\htdocs\ci4-api-flutter\system\Database\MySQLi\Connection.php:308
Stack trace:
#0 C:\xampp\htdocs\ci4-api-flutter\system\Database\MySQLi\Connection.php(308): mysqli->query()
#1 C:\xampp\htdocs\ci4-api-flutter\system\Database\BaseConnection.php(722): CodeIgniter\Database\MySQLi\Connection->execute()
#2 C:\xampp\htdocs\ci4-api-flutter\system\Database\BaseConnection.php(636): CodeIgniter\Database\BaseConnection->simpleQuery()
#3 C:\xampp\htdocs\ci4-api-flutter\system\Database\BaseBuilder.php(2325): CodeIgniter\Database\BaseConnection->query()
#4 C:\xampp\htdocs\ci4-api-flutter\system\Model.php(383): CodeIgniter\Database\BaseBuilder->insert()
#5 C:\xampp\htdocs\ci4-api-flutter\system\BaseModel.php(840): CodeIgniter\Model->doInsert()
#6 C:\xampp\htdocs\ci4-api-flutter\system\Model.php(791): CodeIgniter\BaseModel->insert()
#7 C:\xampp\htdocs\ci4-api-flutter\app\Controllers\ProdukController.php(18): CodeIgniter\Model->insert()
#8 C:\xampp\htdocs\ci4-api-flutter\system\CodeIgniter.php(933): App\Controllers\ProdukController->create()
#9 C:\xampp\htdocs\ci4-api-flutter\system\CodeIgniter.php(509): CodeIgniter\CodeIgniter->runController()
#10 C:\xampp\htdocs\ci4-api-flutter\system\CodeIgniter.php(355): CodeIgniter\CodeIgniter->handleRequest()
#11 C:\xampp\htdocs\ci4-api-flutter\system\Boot.php(312): CodeIgniter\CodeIgniter->run()
#12 C:\xampp\htdocs\ci4-api-flutter\system\Boot.php(67): CodeIgniter\Boot::runCodeIgniter()
#13 C:\xampp\htdocs\ci4-api-flutter\public\index.php(66): CodeIgniter\Boot::bootWeb()
#14 C:\xampp\htdocs\ci4-api-flutter\system\Commands\Server\rewrite.php(49): require_once('...')
#15 {main}
CRITICAL - 2024-05-28 04:04:18 --> CodeIgniter\Database\Exceptions\DatabaseException: Table 'toko_api.produk' doesn't exist
[Method: POST, Route: produk]
in SYSTEMPATH\Database\BaseConnection.php on line 676.
 1 SYSTEMPATH\Database\BaseBuilder.php(2325): CodeIgniter\Database\BaseConnection->query()
 2 SYSTEMPATH\Model.php(383): CodeIgniter\Database\BaseBuilder->insert()
 3 SYSTEMPATH\BaseModel.php(840): CodeIgniter\Model->doInsert()
 4 SYSTEMPATH\Model.php(791): CodeIgniter\BaseModel->insert()
 5 APPPATH\Controllers\ProdukController.php(18): CodeIgniter\Model->insert()
 6 SYSTEMPATH\CodeIgniter.php(933): App\Controllers\ProdukController->create()
 7 SYSTEMPATH\CodeIgniter.php(509): CodeIgniter\CodeIgniter->runController()
 8 SYSTEMPATH\CodeIgniter.php(355): CodeIgniter\CodeIgniter->handleRequest()
 9 SYSTEMPATH\Boot.php(312): CodeIgniter\CodeIgniter->run()
10 SYSTEMPATH\Boot.php(67): CodeIgniter\Boot::runCodeIgniter()
11 FCPATH\index.php(66): CodeIgniter\Boot::bootWeb()
12 SYSTEMPATH\Commands\Server\rewrite.php(49): require_once('C:\\xampp\\htdocs\\ci4-api-flutter\\public\\index.php')
CRITICAL - 2024-05-28 04:04:18 --> [Caused by] CodeIgniter\Database\Exceptions\DatabaseException: Table 'toko_api.produk' doesn't exist
in SYSTEMPATH\Database\MySQLi\Connection.php on line 313.
 1 SYSTEMPATH\Database\BaseConnection.php(722): CodeIgniter\Database\MySQLi\Connection->execute()
 2 SYSTEMPATH\Database\BaseConnection.php(636): CodeIgniter\Database\BaseConnection->simpleQuery()
 3 SYSTEMPATH\Database\BaseBuilder.php(2325): CodeIgniter\Database\BaseConnection->query()
 4 SYSTEMPATH\Model.php(383): CodeIgniter\Database\BaseBuilder->insert()
 5 SYSTEMPATH\BaseModel.php(840): CodeIgniter\Model->doInsert()
 6 SYSTEMPATH\Model.php(791): CodeIgniter\BaseModel->insert()
 7 APPPATH\Controllers\ProdukController.php(18): CodeIgniter\Model->insert()
 8 SYSTEMPATH\CodeIgniter.php(933): App\Controllers\ProdukController->create()
 9 SYSTEMPATH\CodeIgniter.php(509): CodeIgniter\CodeIgniter->runController()
10 SYSTEMPATH\CodeIgniter.php(355): CodeIgniter\CodeIgniter->handleRequest()
11 SYSTEMPATH\Boot.php(312): CodeIgniter\CodeIgniter->run()
12 SYSTEMPATH\Boot.php(67): CodeIgniter\Boot::runCodeIgniter()
13 FCPATH\index.php(66): CodeIgniter\Boot::bootWeb()
14 SYSTEMPATH\Commands\Server\rewrite.php(49): require_once('C:\\xampp\\htdocs\\ci4-api-flutter\\public\\index.php')
CRITICAL - 2024-05-28 04:04:18 --> [Caused by] mysqli_sql_exception: Table 'toko_api.produk' doesn't exist
in SYSTEMPATH\Database\MySQLi\Connection.php on line 308.
 1 SYSTEMPATH\Database\MySQLi\Connection.php(308): mysqli->query()
 2 SYSTEMPATH\Database\BaseConnection.php(722): CodeIgniter\Database\MySQLi\Connection->execute()
 3 SYSTEMPATH\Database\BaseConnection.php(636): CodeIgniter\Database\BaseConnection->simpleQuery()
 4 SYSTEMPATH\Database\BaseBuilder.php(2325): CodeIgniter\Database\BaseConnection->query()
 5 SYSTEMPATH\Model.php(383): CodeIgniter\Database\BaseBuilder->insert()
 6 SYSTEMPATH\BaseModel.php(840): CodeIgniter\Model->doInsert()
 7 SYSTEMPATH\Model.php(791): CodeIgniter\BaseModel->insert()
 8 APPPATH\Controllers\ProdukController.php(18): CodeIgniter\Model->insert()
 9 SYSTEMPATH\CodeIgniter.php(933): App\Controllers\ProdukController->create()
10 SYSTEMPATH\CodeIgniter.php(509): CodeIgniter\CodeIgniter->runController()
11 SYSTEMPATH\CodeIgniter.php(355): CodeIgniter\CodeIgniter->handleRequest()
12 SYSTEMPATH\Boot.php(312): CodeIgniter\CodeIgniter->run()
13 SYSTEMPATH\Boot.php(67): CodeIgniter\Boot::runCodeIgniter()
14 FCPATH\index.php(66): CodeIgniter\Boot::bootWeb()
15 SYSTEMPATH\Commands\Server\rewrite.php(49): require_once('C:\\xampp\\htdocs\\ci4-api-flutter\\public\\index.php')
ERROR - 2024-05-28 04:05:23 --> mysqli_sql_exception: Table 'toko_api.produk' doesn't exist in C:\xampp\htdocs\ci4-api-flutter\system\Database\MySQLi\Connection.php:308
Stack trace:
#0 C:\xampp\htdocs\ci4-api-flutter\system\Database\MySQLi\Connection.php(308): mysqli->query()
#1 C:\xampp\htdocs\ci4-api-flutter\system\Database\BaseConnection.php(722): CodeIgniter\Database\MySQLi\Connection->execute()
#2 C:\xampp\htdocs\ci4-api-flutter\system\Database\BaseConnection.php(636): CodeIgniter\Database\BaseConnection->simpleQuery()
#3 C:\xampp\htdocs\ci4-api-flutter\system\Database\BaseBuilder.php(2325): CodeIgniter\Database\BaseConnection->query()
#4 C:\xampp\htdocs\ci4-api-flutter\system\Model.php(383): CodeIgniter\Database\BaseBuilder->insert()
#5 C:\xampp\htdocs\ci4-api-flutter\system\BaseModel.php(840): CodeIgniter\Model->doInsert()
#6 C:\xampp\htdocs\ci4-api-flutter\system\Model.php(791): CodeIgniter\BaseModel->insert()
#7 C:\xampp\htdocs\ci4-api-flutter\app\Controllers\ProdukController.php(18): CodeIgniter\Model->insert()
#8 C:\xampp\htdocs\ci4-api-flutter\system\CodeIgniter.php(933): App\Controllers\ProdukController->create()
#9 C:\xampp\htdocs\ci4-api-flutter\system\CodeIgniter.php(509): CodeIgniter\CodeIgniter->runController()
#10 C:\xampp\htdocs\ci4-api-flutter\system\CodeIgniter.php(355): CodeIgniter\CodeIgniter->handleRequest()
#11 C:\xampp\htdocs\ci4-api-flutter\system\Boot.php(312): CodeIgniter\CodeIgniter->run()
#12 C:\xampp\htdocs\ci4-api-flutter\system\Boot.php(67): CodeIgniter\Boot::runCodeIgniter()
#13 C:\xampp\htdocs\ci4-api-flutter\public\index.php(66): CodeIgniter\Boot::bootWeb()
#14 C:\xampp\htdocs\ci4-api-flutter\system\Commands\Server\rewrite.php(49): require_once('...')
#15 {main}
CRITICAL - 2024-05-28 04:05:23 --> CodeIgniter\Database\Exceptions\DatabaseException: Table 'toko_api.produk' doesn't exist
[Method: POST, Route: produk]
in SYSTEMPATH\Database\BaseConnection.php on line 676.
 1 SYSTEMPATH\Database\BaseBuilder.php(2325): CodeIgniter\Database\BaseConnection->query()
 2 SYSTEMPATH\Model.php(383): CodeIgniter\Database\BaseBuilder->insert()
 3 SYSTEMPATH\BaseModel.php(840): CodeIgniter\Model->doInsert()
 4 SYSTEMPATH\Model.php(791): CodeIgniter\BaseModel->insert()
 5 APPPATH\Controllers\ProdukController.php(18): CodeIgniter\Model->insert()
 6 SYSTEMPATH\CodeIgniter.php(933): App\Controllers\ProdukController->create()
 7 SYSTEMPATH\CodeIgniter.php(509): CodeIgniter\CodeIgniter->runController()
 8 SYSTEMPATH\CodeIgniter.php(355): CodeIgniter\CodeIgniter->handleRequest()
 9 SYSTEMPATH\Boot.php(312): CodeIgniter\CodeIgniter->run()
10 SYSTEMPATH\Boot.php(67): CodeIgniter\Boot::runCodeIgniter()
11 FCPATH\index.php(66): CodeIgniter\Boot::bootWeb()
12 SYSTEMPATH\Commands\Server\rewrite.php(49): require_once('C:\\xampp\\htdocs\\ci4-api-flutter\\public\\index.php')
CRITICAL - 2024-05-28 04:05:23 --> [Caused by] CodeIgniter\Database\Exceptions\DatabaseException: Table 'toko_api.produk' doesn't exist
in SYSTEMPATH\Database\MySQLi\Connection.php on line 313.
 1 SYSTEMPATH\Database\BaseConnection.php(722): CodeIgniter\Database\MySQLi\Connection->execute()
 2 SYSTEMPATH\Database\BaseConnection.php(636): CodeIgniter\Database\BaseConnection->simpleQuery()
 3 SYSTEMPATH\Database\BaseBuilder.php(2325): CodeIgniter\Database\BaseConnection->query()
 4 SYSTEMPATH\Model.php(383): CodeIgniter\Database\BaseBuilder->insert()
 5 SYSTEMPATH\BaseModel.php(840): CodeIgniter\Model->doInsert()
 6 SYSTEMPATH\Model.php(791): CodeIgniter\BaseModel->insert()
 7 APPPATH\Controllers\ProdukController.php(18): CodeIgniter\Model->insert()
 8 SYSTEMPATH\CodeIgniter.php(933): App\Controllers\ProdukController->create()
 9 SYSTEMPATH\CodeIgniter.php(509): CodeIgniter\CodeIgniter->runController()
10 SYSTEMPATH\CodeIgniter.php(355): CodeIgniter\CodeIgniter->handleRequest()
11 SYSTEMPATH\Boot.php(312): CodeIgniter\CodeIgniter->run()
12 SYSTEMPATH\Boot.php(67): CodeIgniter\Boot::runCodeIgniter()
13 FCPATH\index.php(66): CodeIgniter\Boot::bootWeb()
14 SYSTEMPATH\Commands\Server\rewrite.php(49): require_once('C:\\xampp\\htdocs\\ci4-api-flutter\\public\\index.php')
CRITICAL - 2024-05-28 04:05:23 --> [Caused by] mysqli_sql_exception: Table 'toko_api.produk' doesn't exist
in SYSTEMPATH\Database\MySQLi\Connection.php on line 308.
 1 SYSTEMPATH\Database\MySQLi\Connection.php(308): mysqli->query()
 2 SYSTEMPATH\Database\BaseConnection.php(722): CodeIgniter\Database\MySQLi\Connection->execute()
 3 SYSTEMPATH\Database\BaseConnection.php(636): CodeIgniter\Database\BaseConnection->simpleQuery()
 4 SYSTEMPATH\Database\BaseBuilder.php(2325): CodeIgniter\Database\BaseConnection->query()
 5 SYSTEMPATH\Model.php(383): CodeIgniter\Database\BaseBuilder->insert()
 6 SYSTEMPATH\BaseModel.php(840): CodeIgniter\Model->doInsert()
 7 SYSTEMPATH\Model.php(791): CodeIgniter\BaseModel->insert()
 8 APPPATH\Controllers\ProdukController.php(18): CodeIgniter\Model->insert()
 9 SYSTEMPATH\CodeIgniter.php(933): App\Controllers\ProdukController->create()
10 SYSTEMPATH\CodeIgniter.php(509): CodeIgniter\CodeIgniter->runController()
11 SYSTEMPATH\CodeIgniter.php(355): CodeIgniter\CodeIgniter->handleRequest()
12 SYSTEMPATH\Boot.php(312): CodeIgniter\CodeIgniter->run()
13 SYSTEMPATH\Boot.php(67): CodeIgniter\Boot::runCodeIgniter()
14 FCPATH\index.php(66): CodeIgniter\Boot::bootWeb()
15 SYSTEMPATH\Commands\Server\rewrite.php(49): require_once('C:\\xampp\\htdocs\\ci4-api-flutter\\public\\index.php')
ERROR - 2024-05-28 04:08:16 --> mysqli_sql_exception: Table 'toko_api.produk' doesn't exist in C:\xampp\htdocs\ci4-api-flutter\system\Database\MySQLi\Connection.php:308
Stack trace:
#0 C:\xampp\htdocs\ci4-api-flutter\system\Database\MySQLi\Connection.php(308): mysqli->query()
#1 C:\xampp\htdocs\ci4-api-flutter\system\Database\BaseConnection.php(722): CodeIgniter\Database\MySQLi\Connection->execute()
#2 C:\xampp\htdocs\ci4-api-flutter\system\Database\BaseConnection.php(636): CodeIgniter\Database\BaseConnection->simpleQuery()
#3 C:\xampp\htdocs\ci4-api-flutter\system\Database\BaseBuilder.php(1629): CodeIgniter\Database\BaseConnection->query()
#4 C:\xampp\htdocs\ci4-api-flutter\system\Model.php(275): CodeIgniter\Database\BaseBuilder->get()
#5 C:\xampp\htdocs\ci4-api-flutter\system\BaseModel.php(676): CodeIgniter\Model->doFindAll()
#6 C:\xampp\htdocs\ci4-api-flutter\app\Controllers\ProdukController.php(26): CodeIgniter\BaseModel->findAll()
#7 C:\xampp\htdocs\ci4-api-flutter\system\CodeIgniter.php(933): App\Controllers\ProdukController->list()
#8 C:\xampp\htdocs\ci4-api-flutter\system\CodeIgniter.php(509): CodeIgniter\CodeIgniter->runController()
#9 C:\xampp\htdocs\ci4-api-flutter\system\CodeIgniter.php(355): CodeIgniter\CodeIgniter->handleRequest()
#10 C:\xampp\htdocs\ci4-api-flutter\system\Boot.php(312): CodeIgniter\CodeIgniter->run()
#11 C:\xampp\htdocs\ci4-api-flutter\system\Boot.php(67): CodeIgniter\Boot::runCodeIgniter()
#12 C:\xampp\htdocs\ci4-api-flutter\public\index.php(66): CodeIgniter\Boot::bootWeb()
#13 C:\xampp\htdocs\ci4-api-flutter\system\Commands\Server\rewrite.php(49): require_once('...')
#14 {main}
CRITICAL - 2024-05-28 04:08:16 --> CodeIgniter\Database\Exceptions\DatabaseException: Table 'toko_api.produk' doesn't exist
[Method: GET, Route: produk]
in SYSTEMPATH\Database\BaseConnection.php on line 676.
 1 SYSTEMPATH\Database\BaseBuilder.php(1629): CodeIgniter\Database\BaseConnection->query()
 2 SYSTEMPATH\Model.php(275): CodeIgniter\Database\BaseBuilder->get()
 3 SYSTEMPATH\BaseModel.php(676): CodeIgniter\Model->doFindAll()
 4 APPPATH\Controllers\ProdukController.php(26): CodeIgniter\BaseModel->findAll()
 5 SYSTEMPATH\CodeIgniter.php(933): App\Controllers\ProdukController->list()
 6 SYSTEMPATH\CodeIgniter.php(509): CodeIgniter\CodeIgniter->runController()
 7 SYSTEMPATH\CodeIgniter.php(355): CodeIgniter\CodeIgniter->handleRequest()
 8 SYSTEMPATH\Boot.php(312): CodeIgniter\CodeIgniter->run()
 9 SYSTEMPATH\Boot.php(67): CodeIgniter\Boot::runCodeIgniter()
10 FCPATH\index.php(66): CodeIgniter\Boot::bootWeb()
11 SYSTEMPATH\Commands\Server\rewrite.php(49): require_once('C:\\xampp\\htdocs\\ci4-api-flutter\\public\\index.php')
CRITICAL - 2024-05-28 04:08:16 --> [Caused by] CodeIgniter\Database\Exceptions\DatabaseException: Table 'toko_api.produk' doesn't exist
in SYSTEMPATH\Database\MySQLi\Connection.php on line 313.
 1 SYSTEMPATH\Database\BaseConnection.php(722): CodeIgniter\Database\MySQLi\Connection->execute()
 2 SYSTEMPATH\Database\BaseConnection.php(636): CodeIgniter\Database\BaseConnection->simpleQuery()
 3 SYSTEMPATH\Database\BaseBuilder.php(1629): CodeIgniter\Database\BaseConnection->query()
 4 SYSTEMPATH\Model.php(275): CodeIgniter\Database\BaseBuilder->get()
 5 SYSTEMPATH\BaseModel.php(676): CodeIgniter\Model->doFindAll()
 6 APPPATH\Controllers\ProdukController.php(26): CodeIgniter\BaseModel->findAll()
 7 SYSTEMPATH\CodeIgniter.php(933): App\Controllers\ProdukController->list()
 8 SYSTEMPATH\CodeIgniter.php(509): CodeIgniter\CodeIgniter->runController()
 9 SYSTEMPATH\CodeIgniter.php(355): CodeIgniter\CodeIgniter->handleRequest()
10 SYSTEMPATH\Boot.php(312): CodeIgniter\CodeIgniter->run()
11 SYSTEMPATH\Boot.php(67): CodeIgniter\Boot::runCodeIgniter()
12 FCPATH\index.php(66): CodeIgniter\Boot::bootWeb()
13 SYSTEMPATH\Commands\Server\rewrite.php(49): require_once('C:\\xampp\\htdocs\\ci4-api-flutter\\public\\index.php')
CRITICAL - 2024-05-28 04:08:16 --> [Caused by] mysqli_sql_exception: Table 'toko_api.produk' doesn't exist
in SYSTEMPATH\Database\MySQLi\Connection.php on line 308.
 1 SYSTEMPATH\Database\MySQLi\Connection.php(308): mysqli->query()
 2 SYSTEMPATH\Database\BaseConnection.php(722): CodeIgniter\Database\MySQLi\Connection->execute()
 3 SYSTEMPATH\Database\BaseConnection.php(636): CodeIgniter\Database\BaseConnection->simpleQuery()
 4 SYSTEMPATH\Database\BaseBuilder.php(1629): CodeIgniter\Database\BaseConnection->query()
 5 SYSTEMPATH\Model.php(275): CodeIgniter\Database\BaseBuilder->get()
 6 SYSTEMPATH\BaseModel.php(676): CodeIgniter\Model->doFindAll()
 7 APPPATH\Controllers\ProdukController.php(26): CodeIgniter\BaseModel->findAll()
 8 SYSTEMPATH\CodeIgniter.php(933): App\Controllers\ProdukController->list()
 9 SYSTEMPATH\CodeIgniter.php(509): CodeIgniter\CodeIgniter->runController()
10 SYSTEMPATH\CodeIgniter.php(355): CodeIgniter\CodeIgniter->handleRequest()
11 SYSTEMPATH\Boot.php(312): CodeIgniter\CodeIgniter->run()
12 SYSTEMPATH\Boot.php(67): CodeIgniter\Boot::runCodeIgniter()
13 FCPATH\index.php(66): CodeIgniter\Boot::bootWeb()
14 SYSTEMPATH\Commands\Server\rewrite.php(49): require_once('C:\\xampp\\htdocs\\ci4-api-flutter\\public\\index.php')
ERROR - 2024-05-28 04:08:39 --> mysqli_sql_exception: Table 'toko_api.produk' doesn't exist in C:\xampp\htdocs\ci4-api-flutter\system\Database\MySQLi\Connection.php:308
Stack trace:
#0 C:\xampp\htdocs\ci4-api-flutter\system\Database\MySQLi\Connection.php(308): mysqli->query()
#1 C:\xampp\htdocs\ci4-api-flutter\system\Database\BaseConnection.php(722): CodeIgniter\Database\MySQLi\Connection->execute()
#2 C:\xampp\htdocs\ci4-api-flutter\system\Database\BaseConnection.php(636): CodeIgniter\Database\BaseConnection->simpleQuery()
#3 C:\xampp\htdocs\ci4-api-flutter\system\Database\BaseBuilder.php(2325): CodeIgniter\Database\BaseConnection->query()
#4 C:\xampp\htdocs\ci4-api-flutter\system\Model.php(383): CodeIgniter\Database\BaseBuilder->insert()
#5 C:\xampp\htdocs\ci4-api-flutter\system\BaseModel.php(840): CodeIgniter\Model->doInsert()
#6 C:\xampp\htdocs\ci4-api-flutter\system\Model.php(791): CodeIgniter\BaseModel->insert()
#7 C:\xampp\htdocs\ci4-api-flutter\app\Controllers\ProdukController.php(18): CodeIgniter\Model->insert()
#8 C:\xampp\htdocs\ci4-api-flutter\system\CodeIgniter.php(933): App\Controllers\ProdukController->create()
#9 C:\xampp\htdocs\ci4-api-flutter\system\CodeIgniter.php(509): CodeIgniter\CodeIgniter->runController()
#10 C:\xampp\htdocs\ci4-api-flutter\system\CodeIgniter.php(355): CodeIgniter\CodeIgniter->handleRequest()
#11 C:\xampp\htdocs\ci4-api-flutter\system\Boot.php(312): CodeIgniter\CodeIgniter->run()
#12 C:\xampp\htdocs\ci4-api-flutter\system\Boot.php(67): CodeIgniter\Boot::runCodeIgniter()
#13 C:\xampp\htdocs\ci4-api-flutter\public\index.php(66): CodeIgniter\Boot::bootWeb()
#14 C:\xampp\htdocs\ci4-api-flutter\system\Commands\Server\rewrite.php(49): require_once('...')
#15 {main}
CRITICAL - 2024-05-28 04:08:39 --> CodeIgniter\Database\Exceptions\DatabaseException: Table 'toko_api.produk' doesn't exist
[Method: POST, Route: produk]
in SYSTEMPATH\Database\BaseConnection.php on line 676.
 1 SYSTEMPATH\Database\BaseBuilder.php(2325): CodeIgniter\Database\BaseConnection->query()
 2 SYSTEMPATH\Model.php(383): CodeIgniter\Database\BaseBuilder->insert()
 3 SYSTEMPATH\BaseModel.php(840): CodeIgniter\Model->doInsert()
 4 SYSTEMPATH\Model.php(791): CodeIgniter\BaseModel->insert()
 5 APPPATH\Controllers\ProdukController.php(18): CodeIgniter\Model->insert()
 6 SYSTEMPATH\CodeIgniter.php(933): App\Controllers\ProdukController->create()
 7 SYSTEMPATH\CodeIgniter.php(509): CodeIgniter\CodeIgniter->runController()
 8 SYSTEMPATH\CodeIgniter.php(355): CodeIgniter\CodeIgniter->handleRequest()
 9 SYSTEMPATH\Boot.php(312): CodeIgniter\CodeIgniter->run()
10 SYSTEMPATH\Boot.php(67): CodeIgniter\Boot::runCodeIgniter()
11 FCPATH\index.php(66): CodeIgniter\Boot::bootWeb()
12 SYSTEMPATH\Commands\Server\rewrite.php(49): require_once('C:\\xampp\\htdocs\\ci4-api-flutter\\public\\index.php')
CRITICAL - 2024-05-28 04:08:39 --> [Caused by] CodeIgniter\Database\Exceptions\DatabaseException: Table 'toko_api.produk' doesn't exist
in SYSTEMPATH\Database\MySQLi\Connection.php on line 313.
 1 SYSTEMPATH\Database\BaseConnection.php(722): CodeIgniter\Database\MySQLi\Connection->execute()
 2 SYSTEMPATH\Database\BaseConnection.php(636): CodeIgniter\Database\BaseConnection->simpleQuery()
 3 SYSTEMPATH\Database\BaseBuilder.php(2325): CodeIgniter\Database\BaseConnection->query()
 4 SYSTEMPATH\Model.php(383): CodeIgniter\Database\BaseBuilder->insert()
 5 SYSTEMPATH\BaseModel.php(840): CodeIgniter\Model->doInsert()
 6 SYSTEMPATH\Model.php(791): CodeIgniter\BaseModel->insert()
 7 APPPATH\Controllers\ProdukController.php(18): CodeIgniter\Model->insert()
 8 SYSTEMPATH\CodeIgniter.php(933): App\Controllers\ProdukController->create()
 9 SYSTEMPATH\CodeIgniter.php(509): CodeIgniter\CodeIgniter->runController()
10 SYSTEMPATH\CodeIgniter.php(355): CodeIgniter\CodeIgniter->handleRequest()
11 SYSTEMPATH\Boot.php(312): CodeIgniter\CodeIgniter->run()
12 SYSTEMPATH\Boot.php(67): CodeIgniter\Boot::runCodeIgniter()
13 FCPATH\index.php(66): CodeIgniter\Boot::bootWeb()
14 SYSTEMPATH\Commands\Server\rewrite.php(49): require_once('C:\\xampp\\htdocs\\ci4-api-flutter\\public\\index.php')
CRITICAL - 2024-05-28 04:08:39 --> [Caused by] mysqli_sql_exception: Table 'toko_api.produk' doesn't exist
in SYSTEMPATH\Database\MySQLi\Connection.php on line 308.
 1 SYSTEMPATH\Database\MySQLi\Connection.php(308): mysqli->query()
 2 SYSTEMPATH\Database\BaseConnection.php(722): CodeIgniter\Database\MySQLi\Connection->execute()
 3 SYSTEMPATH\Database\BaseConnection.php(636): CodeIgniter\Database\BaseConnection->simpleQuery()
 4 SYSTEMPATH\Database\BaseBuilder.php(2325): CodeIgniter\Database\BaseConnection->query()
 5 SYSTEMPATH\Model.php(383): CodeIgniter\Database\BaseBuilder->insert()
 6 SYSTEMPATH\BaseModel.php(840): CodeIgniter\Model->doInsert()
 7 SYSTEMPATH\Model.php(791): CodeIgniter\BaseModel->insert()
 8 APPPATH\Controllers\ProdukController.php(18): CodeIgniter\Model->insert()
 9 SYSTEMPATH\CodeIgniter.php(933): App\Controllers\ProdukController->create()
10 SYSTEMPATH\CodeIgniter.php(509): CodeIgniter\CodeIgniter->runController()
11 SYSTEMPATH\CodeIgniter.php(355): CodeIgniter\CodeIgniter->handleRequest()
12 SYSTEMPATH\Boot.php(312): CodeIgniter\CodeIgniter->run()
13 SYSTEMPATH\Boot.php(67): CodeIgniter\Boot::runCodeIgniter()
14 FCPATH\index.php(66): CodeIgniter\Boot::bootWeb()
15 SYSTEMPATH\Commands\Server\rewrite.php(49): require_once('C:\\xampp\\htdocs\\ci4-api-flutter\\public\\index.php')
ERROR - 2024-05-28 04:10:44 --> mysqli_sql_exception: Table 'toko_api.produk' doesn't exist in C:\xampp\htdocs\ci4-api-flutter\system\Database\MySQLi\Connection.php:308
Stack trace:
#0 C:\xampp\htdocs\ci4-api-flutter\system\Database\MySQLi\Connection.php(308): mysqli->query()
#1 C:\xampp\htdocs\ci4-api-flutter\system\Database\BaseConnection.php(722): CodeIgniter\Database\MySQLi\Connection->execute()
#2 C:\xampp\htdocs\ci4-api-flutter\system\Database\BaseConnection.php(636): CodeIgniter\Database\BaseConnection->simpleQuery()
#3 C:\xampp\htdocs\ci4-api-flutter\system\Database\BaseBuilder.php(1629): CodeIgniter\Database\BaseConnection->query()
#4 C:\xampp\htdocs\ci4-api-flutter\system\Model.php(275): CodeIgniter\Database\BaseBuilder->get()
#5 C:\xampp\htdocs\ci4-api-flutter\system\BaseModel.php(676): CodeIgniter\Model->doFindAll()
#6 C:\xampp\htdocs\ci4-api-flutter\app\Controllers\ProdukController.php(26): CodeIgniter\BaseModel->findAll()
#7 C:\xampp\htdocs\ci4-api-flutter\system\CodeIgniter.php(933): App\Controllers\ProdukController->list()
#8 C:\xampp\htdocs\ci4-api-flutter\system\CodeIgniter.php(509): CodeIgniter\CodeIgniter->runController()
#9 C:\xampp\htdocs\ci4-api-flutter\system\CodeIgniter.php(355): CodeIgniter\CodeIgniter->handleRequest()
#10 C:\xampp\htdocs\ci4-api-flutter\system\Boot.php(312): CodeIgniter\CodeIgniter->run()
#11 C:\xampp\htdocs\ci4-api-flutter\system\Boot.php(67): CodeIgniter\Boot::runCodeIgniter()
#12 C:\xampp\htdocs\ci4-api-flutter\public\index.php(66): CodeIgniter\Boot::bootWeb()
#13 C:\xampp\htdocs\ci4-api-flutter\system\Commands\Server\rewrite.php(49): require_once('...')
#14 {main}
CRITICAL - 2024-05-28 04:10:44 --> CodeIgniter\Database\Exceptions\DatabaseException: Table 'toko_api.produk' doesn't exist
[Method: GET, Route: produk]
in SYSTEMPATH\Database\BaseConnection.php on line 676.
 1 SYSTEMPATH\Database\BaseBuilder.php(1629): CodeIgniter\Database\BaseConnection->query()
 2 SYSTEMPATH\Model.php(275): CodeIgniter\Database\BaseBuilder->get()
 3 SYSTEMPATH\BaseModel.php(676): CodeIgniter\Model->doFindAll()
 4 APPPATH\Controllers\ProdukController.php(26): CodeIgniter\BaseModel->findAll()
 5 SYSTEMPATH\CodeIgniter.php(933): App\Controllers\ProdukController->list()
 6 SYSTEMPATH\CodeIgniter.php(509): CodeIgniter\CodeIgniter->runController()
 7 SYSTEMPATH\CodeIgniter.php(355): CodeIgniter\CodeIgniter->handleRequest()
 8 SYSTEMPATH\Boot.php(312): CodeIgniter\CodeIgniter->run()
 9 SYSTEMPATH\Boot.php(67): CodeIgniter\Boot::runCodeIgniter()
10 FCPATH\index.php(66): CodeIgniter\Boot::bootWeb()
11 SYSTEMPATH\Commands\Server\rewrite.php(49): require_once('C:\\xampp\\htdocs\\ci4-api-flutter\\public\\index.php')
CRITICAL - 2024-05-28 04:10:44 --> [Caused by] CodeIgniter\Database\Exceptions\DatabaseException: Table 'toko_api.produk' doesn't exist
in SYSTEMPATH\Database\MySQLi\Connection.php on line 313.
 1 SYSTEMPATH\Database\BaseConnection.php(722): CodeIgniter\Database\MySQLi\Connection->execute()
 2 SYSTEMPATH\Database\BaseConnection.php(636): CodeIgniter\Database\BaseConnection->simpleQuery()
 3 SYSTEMPATH\Database\BaseBuilder.php(1629): CodeIgniter\Database\BaseConnection->query()
 4 SYSTEMPATH\Model.php(275): CodeIgniter\Database\BaseBuilder->get()
 5 SYSTEMPATH\BaseModel.php(676): CodeIgniter\Model->doFindAll()
 6 APPPATH\Controllers\ProdukController.php(26): CodeIgniter\BaseModel->findAll()
 7 SYSTEMPATH\CodeIgniter.php(933): App\Controllers\ProdukController->list()
 8 SYSTEMPATH\CodeIgniter.php(509): CodeIgniter\CodeIgniter->runController()
 9 SYSTEMPATH\CodeIgniter.php(355): CodeIgniter\CodeIgniter->handleRequest()
10 SYSTEMPATH\Boot.php(312): CodeIgniter\CodeIgniter->run()
11 SYSTEMPATH\Boot.php(67): CodeIgniter\Boot::runCodeIgniter()
12 FCPATH\index.php(66): CodeIgniter\Boot::bootWeb()
13 SYSTEMPATH\Commands\Server\rewrite.php(49): require_once('C:\\xampp\\htdocs\\ci4-api-flutter\\public\\index.php')
CRITICAL - 2024-05-28 04:10:44 --> [Caused by] mysqli_sql_exception: Table 'toko_api.produk' doesn't exist
in SYSTEMPATH\Database\MySQLi\Connection.php on line 308.
 1 SYSTEMPATH\Database\MySQLi\Connection.php(308): mysqli->query()
 2 SYSTEMPATH\Database\BaseConnection.php(722): CodeIgniter\Database\MySQLi\Connection->execute()
 3 SYSTEMPATH\Database\BaseConnection.php(636): CodeIgniter\Database\BaseConnection->simpleQuery()
 4 SYSTEMPATH\Database\BaseBuilder.php(1629): CodeIgniter\Database\BaseConnection->query()
 5 SYSTEMPATH\Model.php(275): CodeIgniter\Database\BaseBuilder->get()
 6 SYSTEMPATH\BaseModel.php(676): CodeIgniter\Model->doFindAll()
 7 APPPATH\Controllers\ProdukController.php(26): CodeIgniter\BaseModel->findAll()
 8 SYSTEMPATH\CodeIgniter.php(933): App\Controllers\ProdukController->list()
 9 SYSTEMPATH\CodeIgniter.php(509): CodeIgniter\CodeIgniter->runController()
10 SYSTEMPATH\CodeIgniter.php(355): CodeIgniter\CodeIgniter->handleRequest()
11 SYSTEMPATH\Boot.php(312): CodeIgniter\CodeIgniter->run()
12 SYSTEMPATH\Boot.php(67): CodeIgniter\Boot::runCodeIgniter()
13 FCPATH\index.php(66): CodeIgniter\Boot::bootWeb()
14 SYSTEMPATH\Commands\Server\rewrite.php(49): require_once('C:\\xampp\\htdocs\\ci4-api-flutter\\public\\index.php')
